2026-06-18 09:10:26.086  INFO 60940 --- [main] c.a.nacos.client.logging.NacosLogging    : [] Nacos Logging Adapter Builder: com.alibaba.nacos.logger.adapter.logback12.LogbackNacosLoggingAdapterBuilder
2026-06-18 09:10:26.107  INFO 60940 --- [main] c.a.nacos.client.logging.NacosLogging    : [] Nacos Logging Adapter Builder: com.alibaba.nacos.logger.adapter.logback14.LogbackNacosLoggingAdapterBuilder
2026-06-18 09:10:26.109  INFO 60940 --- [main] c.a.nacos.client.logging.NacosLogging    : [] Nacos Logging Adapter: com.alibaba.nacos.logger.adapter.logback14.LogbackNacosLoggingAdapter match ch.qos.logback.classic.Logger success.
2026-06-18 09:10:26.121  INFO 60940 --- [main] c.a.nacos.client.logging.NacosLogging    : [] Nacos Logging Adapter Builder: com.alibaba.nacos.logger.adapter.log4j2.Log4j2NacosLoggingAdapterBuilder
2026-06-18 09:10:26.455  INFO 60940 --- [main] c.c.CourseServiceApplication             : [] Starting CourseServiceApplication using Java 17.0.19 with PID 60940 (C:\Users\ÂŢÓîĐů\Desktop\campus(1)\campus-assistant\course-service\target\course-service-1.0-SNAPSHOT.jar started by ÂŢÓîĐů in C:\Users\ÂŢÓîĐů\Desktop\campus(1)\campus-assistant)
2026-06-18 09:10:26.456  INFO 60940 --- [main] c.c.CourseServiceApplication             : [] The following 6 profiles are active: "datasource", "mybatis", "jwt", "nacos", "weblog", "aes"
2026-06-18 09:10:27.252  INFO 60940 --- [main] .s.d.r.c.RepositoryConfigurationDelegate : [] Multiple Spring Data modules found, entering strict repository configuration mode
2026-06-18 09:10:27.255  INFO 60940 --- [main] .s.d.r.c.RepositoryConfigurationDelegate : [] Bootstrapping Spring Data Redis repositories in DEFAULT mode.
2026-06-18 09:10:27.272  INFO 60940 --- [main] .s.d.r.c.RepositoryConfigurationDelegate : [] Finished Spring Data repository scanning in 6 ms. Found 0 Redis repository interfaces.
2026-06-18 09:10:27.479  INFO 60940 --- [main] o.s.cloud.context.scope.GenericScope     : [] BeanFactory id=5a1757fc-5928-35bb-9ecf-6b72544190a7
2026-06-18 09:10:27.524  WARN 60940 --- [main] trationDelegate$BeanPostProcessorChecker : [] Bean 'com.alibaba.cloud.nacos.NacosConfigAutoConfiguration' of type [com.alibaba.cloud.nacos.NacosConfigAutoConfiguration] is not eligible for getting processed by all BeanPostProcessors (for example: not eligible for auto-proxying). The currently created BeanPostProcessor [nacosAnnotationProcessor] is declared through a non-static factory method on that class; consider declaring it as static instead.
2026-06-18 09:10:27.856  WARN 60940 --- [main] trationDelegate$BeanPostProcessorChecker : [] Bean 'org.springframework.cloud.client.loadbalancer.LoadBalancerAutoConfiguration$DeferringLoadBalancerInterceptorConfig' of type [org.springframework.cloud.client.loadbalancer.LoadBalancerAutoConfiguration$DeferringLoadBalancerInterceptorConfig] is not eligible for getting processed by all BeanPostProcessors (for example: not eligible for auto-proxying). The currently created BeanPostProcessor [lbRestClientPostProcessor] is declared through a non-static factory method on that class; consider declaring it as static instead.
2026-06-18 09:10:27.859  WARN 60940 --- [main] trationDelegate$BeanPostProcessorChecker : [] Bean 'deferringLoadBalancerInterceptor' of type [org.springframework.cloud.client.loadbalancer.DeferringLoadBalancerInterceptor] is not eligible for getting processed by all BeanPostProcessors (for example: not eligible for auto-proxying). Is this bean getting eagerly injected into a currently created BeanPostProcessor [lbRestClientPostProcessor]? Check the corresponding BeanPostProcessor declaration and its dependencies.
2026-06-18 09:10:28.431  INFO 60940 --- [main] o.s.b.w.embedded.tomcat.TomcatWebServer  : [] Tomcat initialized with port 9000 (http)
2026-06-18 09:10:28.472  INFO 60940 --- [main] o.apache.catalina.core.StandardService   : [] Starting service [Tomcat]
2026-06-18 09:10:28.473  INFO 60940 --- [main] o.apache.catalina.core.StandardEngine    : [] Starting Servlet engine: [Apache Tomcat/10.1.20]
2026-06-18 09:10:28.604  INFO 60940 --- [main] o.a.c.c.C.[Tomcat].[localhost].[/]       : [] Initializing Spring embedded WebApplicationContext
2026-06-18 09:10:28.605  INFO 60940 --- [main] w.s.c.ServletWebServerApplicationContext : [] Root WebApplicationContext: initialization completed in 2079 ms
2026-06-18 09:10:30.819  INFO 60940 --- [main] c.a.c.sentinel.SentinelWebMvcConfigurer  : [] [Sentinel Starter] register SentinelWebInterceptor with urlPatterns: [/**].
2026-06-18 09:10:31.539  INFO 60940 --- [main] c.a.n.p.a.s.c.ClientAuthPluginManager    : [] [ClientAuthPluginManager] Load ClientAuthService com.alibaba.nacos.client.auth.impl.NacosClientAuthServiceImpl success.
2026-06-18 09:10:31.539  INFO 60940 --- [main] c.a.n.p.a.s.c.ClientAuthPluginManager    : [] [ClientAuthPluginManager] Load ClientAuthService com.alibaba.nacos.client.auth.ram.RamClientAuthServiceImpl success.
2026-06-18 09:10:33.104  INFO 60940 --- [main] o.s.cloud.commons.util.InetUtils         : [] Cannot determine local hostname
2026-06-18 09:10:33.155  WARN 60940 --- [main] iguration$LoadBalancerCaffeineWarnLogger : [] Spring Cloud LoadBalancer is currently working with the default cache. While this cache implementation is useful for development and tests, it's recommended to use Caffeine cache in production.You can switch to using Caffeine cache, by adding it and org.springframework.cache.caffeine.CaffeineCacheManager to the classpath.
2026-06-18 09:10:33.274  INFO 60940 --- [main] o.s.b.w.embedded.tomcat.TomcatWebServer  : [] Tomcat started on port 9000 (http) with context path ''
2026-06-18 09:10:34.424  INFO 60940 --- [main] o.s.cloud.commons.util.InetUtils         : [] Cannot determine local hostname
2026-06-18 09:10:34.433  INFO 60940 --- [main] c.c.CourseServiceApplication             : [] Started CourseServiceApplication in 10.028 seconds (process running for 10.721)
2026-06-18 09:13:48.864  INFO 60940 --- [http-nio-9000-exec-1] o.a.c.c.C.[Tomcat].[localhost].[/]       : [] Initializing Spring DispatcherServlet 'dispatcherServlet'
2026-06-18 09:13:48.865  INFO 60940 --- [http-nio-9000-exec-1] o.s.web.servlet.DispatcherServlet        : [] Initializing Servlet 'dispatcherServlet'
2026-06-18 09:13:48.865  INFO 60940 --- [http-nio-9000-exec-1] o.s.web.servlet.DispatcherServlet        : [] Completed initialization in 0 ms
2026-06-18 09:13:49.004  INFO 60940 --- [http-nio-9000-exec-1] c.campusassistant.aspect.WebLogAspect    : [c777099a195544d9a840be533f8fcd8f] ================== Request Start ==================
2026-06-18 09:13:49.005  INFO 60940 --- [http-nio-9000-exec-1] c.campusassistant.aspect.WebLogAspect    : [c777099a195544d9a840be533f8fcd8f] URL            : http://localhost:9000/inner/course/get
2026-06-18 09:13:49.006  INFO 60940 --- [http-nio-9000-exec-1] c.campusassistant.aspect.WebLogAspect    : [c777099a195544d9a840be533f8fcd8f] HTTP Method    : GET
2026-06-18 09:13:49.006  INFO 60940 --- [http-nio-9000-exec-1] c.campusassistant.aspect.WebLogAspect    : [c777099a195544d9a840be533f8fcd8f] Class Method   : com.campusassistant.controller.InnerCourseController.getScheduleByStudentId
2026-06-18 09:13:49.007  INFO 60940 --- [http-nio-9000-exec-1] c.campusassistant.aspect.WebLogAspect    : [c777099a195544d9a840be533f8fcd8f] IP             : 127.0.0.1
2026-06-18 09:13:49.008  INFO 60940 --- [http-nio-9000-exec-1] c.campusassistant.aspect.WebLogAspect    : [c777099a195544d9a840be533f8fcd8f] Request Args   : ["222025321262104"]
2026-06-18 09:13:49.153  INFO 60940 --- [http-nio-9000-exec-1] com.zaxxer.hikari.HikariDataSource       : [c777099a195544d9a840be533f8fcd8f] HikariPool-1 - Starting...
2026-06-18 09:13:49.445  INFO 60940 --- [http-nio-9000-exec-1] com.zaxxer.hikari.pool.HikariPool        : [c777099a195544d9a840be533f8fcd8f] HikariPool-1 - Added connection com.mysql.cj.jdbc.ConnectionImpl@657d0bd0
2026-06-18 09:13:49.447  INFO 60940 --- [http-nio-9000-exec-1] com.zaxxer.hikari.HikariDataSource       : [c777099a195544d9a840be533f8fcd8f] HikariPool-1 - Start completed.
2026-06-18 09:13:49.511  WARN 60940 --- [http-nio-9000-exec-1] c.campusassistant.aspect.WebLogAspect    : [c777099a195544d9a840be533f8fcd8f] Response Result: [˝áąűÎŢ·¨ĐňÁĐ»ŻÎŞJSON]
2026-06-18 09:13:49.512  INFO 60940 --- [http-nio-9000-exec-1] c.campusassistant.aspect.WebLogAspect    : [c777099a195544d9a840be533f8fcd8f] Time Consuming : 508 ms
2026-06-18 09:13:49.512  INFO 60940 --- [http-nio-9000-exec-1] c.campusassistant.aspect.WebLogAspect    : [c777099a195544d9a840be533f8fcd8f] ================== Request End ====================
2026-06-18 09:13:49.524 ERROR 60940 --- [http-nio-9000-exec-1] c.c.exception.GlobalExceptionHandler     : [c777099a195544d9a840be533f8fcd8f] ĎµÍł·˘ÉúÎ´˛¶»ńŇěłŁ
org.springframework.http.converter.HttpMessageConversionException: Type definition error: [simple type, class com.campusassistant.pojo.CourseVO]
	at org.springframework.http.converter.json.AbstractJackson2HttpMessageConverter.writeInternal(AbstractJackson2HttpMessageConverter.java:489)
	at org.springframework.http.converter.AbstractGenericHttpMessageConverter.write(AbstractGenericHttpMessageConverter.java:114)
	at org.springframework.web.servlet.mvc.method.annotation.AbstractMessageConverterMethodProcessor.writeWithMessageConverters(AbstractMessageConverterMethodProcessor.java:297)
	at org.springframework.web.servlet.mvc.method.annotation.RequestResponseBodyMethodProcessor.handleReturnValue(RequestResponseBodyMethodProcessor.java:192)
	at org.springframework.web.method.support.HandlerMethodReturnValueHandlerComposite.handleReturnValue(HandlerMethodReturnValueHandlerComposite.java:78)
	at org.springframework.web.servlet.mvc.method.annotation.ServletInvocableHandlerMethod.invokeAndHandle(ServletInvocableHandlerMethod.java:136)
	at org.springframework.web.servlet.mvc.method.annotation.RequestMappingHandlerAdapter.invokeHandlerMethod(RequestMappingHandlerAdapter.java:926)
	at org.springframework.web.servlet.mvc.method.annotation.RequestMappingHandlerAdapter.handleInternal(RequestMappingHandlerAdapter.java:831)
	at org.springframework.web.servlet.mvc.method.AbstractHandlerMethodAdapter.handle(AbstractHandlerMethodAdapter.java:87)
	at org.springframework.web.servlet.DispatcherServlet.doDispatch(DispatcherServlet.java:1089)
	at org.springframework.web.servlet.DispatcherServlet.doService(DispatcherServlet.java:979)
	at org.springframework.web.servlet.FrameworkServlet.processRequest(FrameworkServlet.java:1014)
	at org.springframework.web.servlet.FrameworkServlet.doGet(FrameworkServlet.java:903)
	at jakarta.servlet.http.HttpServlet.service(HttpServlet.java:564)
	at org.springframework.web.servlet.FrameworkServlet.service(FrameworkServlet.java:885)
	at jakarta.servlet.http.HttpServlet.service(HttpServlet.java:658)
	at org.apache.catalina.core.ApplicationFilterChain.internalDoFilter(ApplicationFilterChain.java:206)
	at org.apache.catalina.core.ApplicationFilterChain.doFilter(ApplicationFilterChain.java:150)
	at org.apache.tomcat.websocket.server.WsFilter.doFilter(WsFilter.java:51)
	at org.apache.catalina.core.ApplicationFilterChain.internalDoFilter(ApplicationFilterChain.java:175)
	at org.apache.catalina.core.ApplicationFilterChain.doFilter(ApplicationFilterChain.java:150)
	at org.springframework.web.filter.RequestContextFilter.doFilterInternal(RequestContextFilter.java:100)
	at org.springframework.web.filter.OncePerRequestFilter.doFilter(OncePerRequestFilter.java:116)
	at org.apache.catalina.core.ApplicationFilterChain.internalDoFilter(ApplicationFilterChain.java:175)
	at org.apache.catalina.core.ApplicationFilterChain.doFilter(ApplicationFilterChain.java:150)
	at org.springframework.web.filter.FormContentFilter.doFilterInternal(FormContentFilter.java:93)
	at org.springframework.web.filter.OncePerRequestFilter.doFilter(OncePerRequestFilter.java:116)
	at org.apache.catalina.core.ApplicationFilterChain.internalDoFilter(ApplicationFilterChain.java:175)
	at org.apache.catalina.core.ApplicationFilterChain.doFilter(ApplicationFilterChain.java:150)
	at org.springframework.web.filter.CharacterEncodingFilter.doFilterInternal(CharacterEncodingFilter.java:201)
	at org.springframework.web.filter.OncePerRequestFilter.doFilter(OncePerRequestFilter.java:116)
	at org.apache.catalina.core.ApplicationFilterChain.internalDoFilter(ApplicationFilterChain.java:175)
	at org.apache.catalina.core.ApplicationFilterChain.doFilter(ApplicationFilterChain.java:150)
	at org.apache.catalina.core.StandardWrapperValve.invoke(StandardWrapperValve.java:167)
	at org.apache.catalina.core.StandardContextValve.invoke(StandardContextValve.java:90)
	at org.apache.catalina.authenticator.AuthenticatorBase.invoke(AuthenticatorBase.java:482)
	at org.apache.catalina.core.StandardHostValve.invoke(StandardHostValve.java:115)
	at org.apache.catalina.valves.ErrorReportValve.invoke(ErrorReportValve.java:93)
	at org.apache.catalina.core.StandardEngineValve.invoke(StandardEngineValve.java:74)
	at org.apache.catalina.connector.CoyoteAdapter.service(CoyoteAdapter.java:344)
	at org.apache.coyote.http11.Http11Processor.service(Http11Processor.java:391)
	at org.apache.coyote.AbstractProcessorLight.process(AbstractProcessorLight.java:63)
	at org.apache.coyote.AbstractProtocol$ConnectionHandler.process(AbstractProtocol.java:896)
	at org.apache.tomcat.util.net.NioEndpoint$SocketProcessor.doRun(NioEndpoint.java:1736)
	at org.apache.tomcat.util.net.SocketProcessorBase.run(SocketProcessorBase.java:52)
	at org.apache.tomcat.util.threads.ThreadPoolExecutor.runWorker(ThreadPoolExecutor.java:1191)
	at org.apache.tomcat.util.threads.ThreadPoolExecutor$Worker.run(ThreadPoolExecutor.java:659)
	at org.apache.tomcat.util.threads.TaskThread$WrappingRunnable.run(TaskThread.java:63)
	at java.base/java.lang.Thread.run(Thread.java:840)
Caused by: com.fasterxml.jackson.databind.exc.InvalidDefinitionException: No serializer found for class com.campusassistant.pojo.CourseVO and no properties discovered to create BeanSerializer (to avoid exception, disable SerializationFeature.FAIL_ON_EMPTY_BEANS) (through reference chain: com.campusassistant.pojo.Result["data"])
	at com.fasterxml.jackson.databind.exc.InvalidDefinitionException.from(InvalidDefinitionException.java:77)
	at com.fasterxml.jackson.databind.SerializerProvider.reportBadDefinition(SerializerProvider.java:1308)
	at com.fasterxml.jackson.databind.DatabindContext.reportBadDefinition(DatabindContext.java:414)
	at com.fasterxml.jackson.databind.ser.impl.UnknownSerializer.failForEmpty(UnknownSerializer.java:53)
	at com.fasterxml.jackson.databind.ser.impl.UnknownSerializer.serialize(UnknownSerializer.java:30)
	at com.fasterxml.jackson.databind.ser.BeanPropertyWriter.serializeAsField(BeanPropertyWriter.java:732)
	at com.fasterxml.jackson.databind.ser.std.BeanSerializerBase.serializeFields(BeanSerializerBase.java:772)
	at com.fasterxml.jackson.databind.ser.BeanSerializer.serialize(BeanSerializer.java:178)
	at com.fasterxml.jackson.databind.ser.DefaultSerializerProvider._serialize(DefaultSerializerProvider.java:479)
	at com.fasterxml.jackson.databind.ser.DefaultSerializerProvider.serializeValue(DefaultSerializerProvider.java:318)
	at com.fasterxml.jackson.databind.ObjectWriter$Prefetch.serialize(ObjectWriter.java:1572)
	at com.fasterxml.jackson.databind.ObjectWriter.writeValue(ObjectWriter.java:1061)
	at org.springframework.http.converter.json.AbstractJackson2HttpMessageConverter.writeInternal(AbstractJackson2HttpMessageConverter.java:483)
	... 48 common frames omitted
2026-06-18 09:14:15.683  INFO 60940 --- [http-nio-9000-exec-5] c.campusassistant.aspect.WebLogAspect    : [c3e35f255361497494b228342ea6fcfc] ================== Request Start ==================
2026-06-18 09:14:15.684  INFO 60940 --- [http-nio-9000-exec-5] c.campusassistant.aspect.WebLogAspect    : [c3e35f255361497494b228342ea6fcfc] URL            : http://localhost:9000/inner/course/get
2026-06-18 09:14:15.684  INFO 60940 --- [http-nio-9000-exec-5] c.campusassistant.aspect.WebLogAspect    : [c3e35f255361497494b228342ea6fcfc] HTTP Method    : GET
2026-06-18 09:14:15.684  INFO 60940 --- [http-nio-9000-exec-5] c.campusassistant.aspect.WebLogAspect    : [c3e35f255361497494b228342ea6fcfc] Class Method   : com.campusassistant.controller.InnerCourseController.getScheduleByStudentId
2026-06-18 09:14:15.684  INFO 60940 --- [http-nio-9000-exec-5] c.campusassistant.aspect.WebLogAspect    : [c3e35f255361497494b228342ea6fcfc] IP             : 0:0:0:0:0:0:0:1
2026-06-18 09:14:15.684  INFO 60940 --- [http-nio-9000-exec-5] c.campusassistant.aspect.WebLogAspect    : [c3e35f255361497494b228342ea6fcfc] Request Args   : ["222025321262104"]
2026-06-18 09:14:15.690  WARN 60940 --- [http-nio-9000-exec-5] c.campusassistant.aspect.WebLogAspect    : [c3e35f255361497494b228342ea6fcfc] Response Result: [˝áąűÎŢ·¨ĐňÁĐ»ŻÎŞJSON]
2026-06-18 09:14:15.690  INFO 60940 --- [http-nio-9000-exec-5] c.campusassistant.aspect.WebLogAspect    : [c3e35f255361497494b228342ea6fcfc] Time Consuming : 7 ms
2026-06-18 09:14:15.690  INFO 60940 --- [http-nio-9000-exec-5] c.campusassistant.aspect.WebLogAspect    : [c3e35f255361497494b228342ea6fcfc] ================== Request End ====================
2026-06-18 09:14:15.691 ERROR 60940 --- [http-nio-9000-exec-5] c.c.exception.GlobalExceptionHandler     : [c3e35f255361497494b228342ea6fcfc] ĎµÍł·˘ÉúÎ´˛¶»ńŇěłŁ
org.springframework.http.converter.HttpMessageConversionException: Type definition error: [simple type, class com.campusassistant.pojo.CourseVO]
	at org.springframework.http.converter.json.AbstractJackson2HttpMessageConverter.writeInternal(AbstractJackson2HttpMessageConverter.java:489)
	at org.springframework.http.converter.AbstractGenericHttpMessageConverter.write(AbstractGenericHttpMessageConverter.java:114)
	at org.springframework.web.servlet.mvc.method.annotation.AbstractMessageConverterMethodProcessor.writeWithMessageConverters(AbstractMessageConverterMethodProcessor.java:297)
	at org.springframework.web.servlet.mvc.method.annotation.RequestResponseBodyMethodProcessor.handleReturnValue(RequestResponseBodyMethodProcessor.java:192)
	at org.springframework.web.method.support.HandlerMethodReturnValueHandlerComposite.handleReturnValue(HandlerMethodReturnValueHandlerComposite.java:78)
	at org.springframework.web.servlet.mvc.method.annotation.ServletInvocableHandlerMethod.invokeAndHandle(ServletInvocableHandlerMethod.java:136)
	at org.springframework.web.servlet.mvc.method.annotation.RequestMappingHandlerAdapter.invokeHandlerMethod(RequestMappingHandlerAdapter.java:926)
	at org.springframework.web.servlet.mvc.method.annotation.RequestMappingHandlerAdapter.handleInternal(RequestMappingHandlerAdapter.java:831)
	at org.springframework.web.servlet.mvc.method.AbstractHandlerMethodAdapter.handle(AbstractHandlerMethodAdapter.java:87)
	at org.springframework.web.servlet.DispatcherServlet.doDispatch(DispatcherServlet.java:1089)
	at org.springframework.web.servlet.DispatcherServlet.doService(DispatcherServlet.java:979)
	at org.springframework.web.servlet.FrameworkServlet.processRequest(FrameworkServlet.java:1014)
	at org.springframework.web.servlet.FrameworkServlet.doGet(FrameworkServlet.java:903)
	at jakarta.servlet.http.HttpServlet.service(HttpServlet.java:564)
	at org.springframework.web.servlet.FrameworkServlet.service(FrameworkServlet.java:885)
	at jakarta.servlet.http.HttpServlet.service(HttpServlet.java:658)
	at org.apache.catalina.core.ApplicationFilterChain.internalDoFilter(ApplicationFilterChain.java:206)
	at org.apache.catalina.core.ApplicationFilterChain.doFilter(ApplicationFilterChain.java:150)
	at org.apache.tomcat.websocket.server.WsFilter.doFilter(WsFilter.java:51)
	at org.apache.catalina.core.ApplicationFilterChain.internalDoFilter(ApplicationFilterChain.java:175)
	at org.apache.catalina.core.ApplicationFilterChain.doFilter(ApplicationFilterChain.java:150)
	at org.springframework.web.filter.RequestContextFilter.doFilterInternal(RequestContextFilter.java:100)
	at org.springframework.web.filter.OncePerRequestFilter.doFilter(OncePerRequestFilter.java:116)
	at org.apache.catalina.core.ApplicationFilterChain.internalDoFilter(ApplicationFilterChain.java:175)
	at org.apache.catalina.core.ApplicationFilterChain.doFilter(ApplicationFilterChain.java:150)
	at org.springframework.web.filter.FormContentFilter.doFilterInternal(FormContentFilter.java:93)
	at org.springframework.web.filter.OncePerRequestFilter.doFilter(OncePerRequestFilter.java:116)
	at org.apache.catalina.core.ApplicationFilterChain.internalDoFilter(ApplicationFilterChain.java:175)
	at org.apache.catalina.core.ApplicationFilterChain.doFilter(ApplicationFilterChain.java:150)
	at org.springframework.web.filter.CharacterEncodingFilter.doFilterInternal(CharacterEncodingFilter.java:201)
	at org.springframework.web.filter.OncePerRequestFilter.doFilter(OncePerRequestFilter.java:116)
	at org.apache.catalina.core.ApplicationFilterChain.internalDoFilter(ApplicationFilterChain.java:175)
	at org.apache.catalina.core.ApplicationFilterChain.doFilter(ApplicationFilterChain.java:150)
	at org.apache.catalina.core.StandardWrapperValve.invoke(StandardWrapperValve.java:167)
	at org.apache.catalina.core.StandardContextValve.invoke(StandardContextValve.java:90)
	at org.apache.catalina.authenticator.AuthenticatorBase.invoke(AuthenticatorBase.java:482)
	at org.apache.catalina.core.StandardHostValve.invoke(StandardHostValve.java:115)
	at org.apache.catalina.valves.ErrorReportValve.invoke(ErrorReportValve.java:93)
	at org.apache.catalina.core.StandardEngineValve.invoke(StandardEngineValve.java:74)
	at org.apache.catalina.connector.CoyoteAdapter.service(CoyoteAdapter.java:344)
	at org.apache.coyote.http11.Http11Processor.service(Http11Processor.java:391)
	at org.apache.coyote.AbstractProcessorLight.process(AbstractProcessorLight.java:63)
	at org.apache.coyote.AbstractProtocol$ConnectionHandler.process(AbstractProtocol.java:896)
	at org.apache.tomcat.util.net.NioEndpoint$SocketProcessor.doRun(NioEndpoint.java:1736)
	at org.apache.tomcat.util.net.SocketProcessorBase.run(SocketProcessorBase.java:52)
	at org.apache.tomcat.util.threads.ThreadPoolExecutor.runWorker(ThreadPoolExecutor.java:1191)
	at org.apache.tomcat.util.threads.ThreadPoolExecutor$Worker.run(ThreadPoolExecutor.java:659)
	at org.apache.tomcat.util.threads.TaskThread$WrappingRunnable.run(TaskThread.java:63)
	at java.base/java.lang.Thread.run(Thread.java:840)
Caused by: com.fasterxml.jackson.databind.exc.InvalidDefinitionException: No serializer found for class com.campusassistant.pojo.CourseVO and no properties discovered to create BeanSerializer (to avoid exception, disable SerializationFeature.FAIL_ON_EMPTY_BEANS) (through reference chain: com.campusassistant.pojo.Result["data"])
	at com.fasterxml.jackson.databind.exc.InvalidDefinitionException.from(InvalidDefinitionException.java:77)
	at com.fasterxml.jackson.databind.SerializerProvider.reportBadDefinition(SerializerProvider.java:1308)
	at com.fasterxml.jackson.databind.DatabindContext.reportBadDefinition(DatabindContext.java:414)
	at com.fasterxml.jackson.databind.ser.impl.UnknownSerializer.failForEmpty(UnknownSerializer.java:53)
	at com.fasterxml.jackson.databind.ser.impl.UnknownSerializer.serialize(UnknownSerializer.java:30)
	at com.fasterxml.jackson.databind.ser.BeanPropertyWriter.serializeAsField(BeanPropertyWriter.java:732)
	at com.fasterxml.jackson.databind.ser.std.BeanSerializerBase.serializeFields(BeanSerializerBase.java:772)
	at com.fasterxml.jackson.databind.ser.BeanSerializer.serialize(BeanSerializer.java:178)
	at com.fasterxml.jackson.databind.ser.DefaultSerializerProvider._serialize(DefaultSerializerProvider.java:479)
	at com.fasterxml.jackson.databind.ser.DefaultSerializerProvider.serializeValue(DefaultSerializerProvider.java:318)
	at com.fasterxml.jackson.databind.ObjectWriter$Prefetch.serialize(ObjectWriter.java:1572)
	at com.fasterxml.jackson.databind.ObjectWriter.writeValue(ObjectWriter.java:1061)
	at org.springframework.http.converter.json.AbstractJackson2HttpMessageConverter.writeInternal(AbstractJackson2HttpMessageConverter.java:483)
	... 48 common frames omitted
2026-06-18 09:14:56.676 ERROR 60940 --- [http-nio-9000-exec-2] c.c.exception.GlobalExceptionHandler     : [f14207cf67f4404b8724b521efcfff5a] ĎµÍł·˘ÉúÎ´˛¶»ńŇěłŁ
org.springframework.web.servlet.resource.NoResourceFoundException: No static resource actuator/health.
	at org.springframework.web.servlet.resource.ResourceHttpRequestHandler.handleRequest(ResourceHttpRequestHandler.java:585)
	at org.springframework.web.servlet.mvc.HttpRequestHandlerAdapter.handle(HttpRequestHandlerAdapter.java:52)
	at org.springframework.web.servlet.DispatcherServlet.doDispatch(DispatcherServlet.java:1089)
	at org.springframework.web.servlet.DispatcherServlet.doService(DispatcherServlet.java:979)
	at org.springframework.web.servlet.FrameworkServlet.processRequest(FrameworkServlet.java:1014)
	at org.springframework.web.servlet.FrameworkServlet.doGet(FrameworkServlet.java:903)
	at jakarta.servlet.http.HttpServlet.service(HttpServlet.java:564)
	at org.springframework.web.servlet.FrameworkServlet.service(FrameworkServlet.java:885)
	at jakarta.servlet.http.HttpServlet.service(HttpServlet.java:658)
	at org.apache.catalina.core.ApplicationFilterChain.internalDoFilter(ApplicationFilterChain.java:206)
	at org.apache.catalina.core.ApplicationFilterChain.doFilter(ApplicationFilterChain.java:150)
	at org.apache.tomcat.websocket.server.WsFilter.doFilter(WsFilter.java:51)
	at org.apache.catalina.core.ApplicationFilterChain.internalDoFilter(ApplicationFilterChain.java:175)
	at org.apache.catalina.core.ApplicationFilterChain.doFilter(ApplicationFilterChain.java:150)
	at org.springframework.web.filter.RequestContextFilter.doFilterInternal(RequestContextFilter.java:100)
	at org.springframework.web.filter.OncePerRequestFilter.doFilter(OncePerRequestFilter.java:116)
	at org.apache.catalina.core.ApplicationFilterChain.internalDoFilter(ApplicationFilterChain.java:175)
	at org.apache.catalina.core.ApplicationFilterChain.doFilter(ApplicationFilterChain.java:150)
	at org.springframework.web.filter.FormContentFilter.doFilterInternal(FormContentFilter.java:93)
	at org.springframework.web.filter.OncePerRequestFilter.doFilter(OncePerRequestFilter.java:116)
	at org.apache.catalina.core.ApplicationFilterChain.internalDoFilter(ApplicationFilterChain.java:175)
	at org.apache.catalina.core.ApplicationFilterChain.doFilter(ApplicationFilterChain.java:150)
	at org.springframework.web.filter.CharacterEncodingFilter.doFilterInternal(CharacterEncodingFilter.java:201)
	at org.springframework.web.filter.OncePerRequestFilter.doFilter(OncePerRequestFilter.java:116)
	at org.apache.catalina.core.ApplicationFilterChain.internalDoFilter(ApplicationFilterChain.java:175)
	at org.apache.catalina.core.ApplicationFilterChain.doFilter(ApplicationFilterChain.java:150)
	at org.apache.catalina.core.StandardWrapperValve.invoke(StandardWrapperValve.java:167)
	at org.apache.catalina.core.StandardContextValve.invoke(StandardContextValve.java:90)
	at org.apache.catalina.authenticator.AuthenticatorBase.invoke(AuthenticatorBase.java:482)
	at org.apache.catalina.core.StandardHostValve.invoke(StandardHostValve.java:115)
	at org.apache.catalina.valves.ErrorReportValve.invoke(ErrorReportValve.java:93)
	at org.apache.catalina.core.StandardEngineValve.invoke(StandardEngineValve.java:74)
	at org.apache.catalina.connector.CoyoteAdapter.service(CoyoteAdapter.java:344)
	at org.apache.coyote.http11.Http11Processor.service(Http11Processor.java:391)
	at org.apache.coyote.AbstractProcessorLight.process(AbstractProcessorLight.java:63)
	at org.apache.coyote.AbstractProtocol$ConnectionHandler.process(AbstractProtocol.java:896)
	at org.apache.tomcat.util.net.NioEndpoint$SocketProcessor.doRun(NioEndpoint.java:1736)
	at org.apache.tomcat.util.net.SocketProcessorBase.run(SocketProcessorBase.java:52)
	at org.apache.tomcat.util.threads.ThreadPoolExecutor.runWorker(ThreadPoolExecutor.java:1191)
	at org.apache.tomcat.util.threads.ThreadPoolExecutor$Worker.run(ThreadPoolExecutor.java:659)
	at org.apache.tomcat.util.threads.TaskThread$WrappingRunnable.run(TaskThread.java:63)
	at java.base/java.lang.Thread.run(Thread.java:840)
