2026-06-18 09:10:07.168  INFO 27996 --- [main] c.a.nacos.client.logging.NacosLogging    : [] Nacos Logging Adapter Builder: com.alibaba.nacos.logger.adapter.logback12.LogbackNacosLoggingAdapterBuilder
2026-06-18 09:10:07.203  INFO 27996 --- [main] c.a.nacos.client.logging.NacosLogging    : [] Nacos Logging Adapter Builder: com.alibaba.nacos.logger.adapter.logback14.LogbackNacosLoggingAdapterBuilder
2026-06-18 09:10:07.205  INFO 27996 --- [main] c.a.nacos.client.logging.NacosLogging    : [] Nacos Logging Adapter: com.alibaba.nacos.logger.adapter.logback14.LogbackNacosLoggingAdapter match ch.qos.logback.classic.Logger success.
2026-06-18 09:10:07.221  INFO 27996 --- [main] c.a.nacos.client.logging.NacosLogging    : [] Nacos Logging Adapter Builder: com.alibaba.nacos.logger.adapter.log4j2.Log4j2NacosLoggingAdapterBuilder
2026-06-18 09:10:07.729  INFO 27996 --- [main] c.c.UserServiceApplication               : [] Starting UserServiceApplication using Java 17.0.19 with PID 27996 (C:\Users\ÂŢÓîĐů\Desktop\campus(1)\campus-assistant\user-service\target\user-service-1.0-SNAPSHOT.jar started by ÂŢÓîĐů in C:\Users\ÂŢÓîĐů\Desktop\campus(1)\campus-assistant)
2026-06-18 09:10:07.731  INFO 27996 --- [main] c.c.UserServiceApplication               : [] The following 8 profiles are active: "datasource", "mybatis", "jwt", "weblog", "nacos", "openfeign", "sentinel", "aes"
2026-06-18 09:10:08.511  INFO 27996 --- [main] .s.d.r.c.RepositoryConfigurationDelegate : [] Multiple Spring Data modules found, entering strict repository configuration mode
2026-06-18 09:10:08.514  INFO 27996 --- [main] .s.d.r.c.RepositoryConfigurationDelegate : [] Bootstrapping Spring Data Redis repositories in DEFAULT mode.
2026-06-18 09:10:08.540  INFO 27996 --- [main] .s.d.r.c.RepositoryConfigurationDelegate : [] Finished Spring Data repository scanning in 14 ms. Found 0 Redis repository interfaces.
2026-06-18 09:10:08.750  INFO 27996 --- [main] o.s.cloud.context.scope.GenericScope     : [] BeanFactory id=47e6dfd3-797e-3ef4-b55b-c52d9f0fa235
2026-06-18 09:10:08.794  WARN 27996 --- [main] trationDelegate$BeanPostProcessorChecker : [] Bean 'com.alibaba.cloud.nacos.NacosConfigAutoConfiguration' of type [com.alibaba.cloud.nacos.NacosConfigAutoConfiguration] is not eligible for getting processed by all BeanPostProcessors (for example: not eligible for auto-proxying). The currently created BeanPostProcessor [nacosAnnotationProcessor] is declared through a non-static factory method on that class; consider declaring it as static instead.
2026-06-18 09:10:09.156  WARN 27996 --- [main] trationDelegate$BeanPostProcessorChecker : [] Bean 'org.springframework.cloud.client.loadbalancer.LoadBalancerAutoConfiguration$DeferringLoadBalancerInterceptorConfig' of type [org.springframework.cloud.client.loadbalancer.LoadBalancerAutoConfiguration$DeferringLoadBalancerInterceptorConfig] is not eligible for getting processed by all BeanPostProcessors (for example: not eligible for auto-proxying). The currently created BeanPostProcessor [lbRestClientPostProcessor] is declared through a non-static factory method on that class; consider declaring it as static instead.
2026-06-18 09:10:09.159  WARN 27996 --- [main] trationDelegate$BeanPostProcessorChecker : [] Bean 'deferringLoadBalancerInterceptor' of type [org.springframework.cloud.client.loadbalancer.DeferringLoadBalancerInterceptor] is not eligible for getting processed by all BeanPostProcessors (for example: not eligible for auto-proxying). Is this bean getting eagerly injected into a currently created BeanPostProcessor [lbRestClientPostProcessor]? Check the corresponding BeanPostProcessor declaration and its dependencies.
2026-06-18 09:10:09.743  INFO 27996 --- [main] o.s.b.w.embedded.tomcat.TomcatWebServer  : [] Tomcat initialized with port 8000 (http)
2026-06-18 09:10:09.785  INFO 27996 --- [main] o.apache.catalina.core.StandardService   : [] Starting service [Tomcat]
2026-06-18 09:10:09.785  INFO 27996 --- [main] o.apache.catalina.core.StandardEngine    : [] Starting Servlet engine: [Apache Tomcat/10.1.20]
2026-06-18 09:10:09.930  INFO 27996 --- [main] o.a.c.c.C.[Tomcat].[localhost].[/]       : [] Initializing Spring embedded WebApplicationContext
2026-06-18 09:10:09.930  INFO 27996 --- [main] w.s.c.ServletWebServerApplicationContext : [] Root WebApplicationContext: initialization completed in 2149 ms
2026-06-18 09:10:12.633  INFO 27996 --- [main] c.a.c.sentinel.SentinelWebMvcConfigurer  : [] [Sentinel Starter] register SentinelWebInterceptor with urlPatterns: [/**].
2026-06-18 09:10:13.335  INFO 27996 --- [main] c.a.n.p.a.s.c.ClientAuthPluginManager    : [] [ClientAuthPluginManager] Load ClientAuthService com.alibaba.nacos.client.auth.impl.NacosClientAuthServiceImpl success.
2026-06-18 09:10:13.336  INFO 27996 --- [main] c.a.n.p.a.s.c.ClientAuthPluginManager    : [] [ClientAuthPluginManager] Load ClientAuthService com.alibaba.nacos.client.auth.ram.RamClientAuthServiceImpl success.
2026-06-18 09:10:14.522  INFO 27996 --- [main] o.s.cloud.commons.util.InetUtils         : [] Cannot determine local hostname
2026-06-18 09:10:16.085  INFO 27996 --- [main] o.s.cloud.commons.util.InetUtils         : [] Cannot determine local hostname
2026-06-18 09:10:16.130  WARN 27996 --- [main] iguration$LoadBalancerCaffeineWarnLogger : [] Spring Cloud LoadBalancer is currently working with the default cache. While this cache implementation is useful for development and tests, it's recommended to use Caffeine cache in production.You can switch to using Caffeine cache, by adding it and org.springframework.cache.caffeine.CaffeineCacheManager to the classpath.
2026-06-18 09:10:16.223  INFO 27996 --- [main] o.s.b.w.embedded.tomcat.TomcatWebServer  : [] Tomcat started on port 8000 (http) with context path ''
2026-06-18 09:10:16.240  INFO 27996 --- [main] c.a.n.p.a.s.c.ClientAuthPluginManager    : [] [ClientAuthPluginManager] Load ClientAuthService com.alibaba.nacos.client.auth.impl.NacosClientAuthServiceImpl success.
2026-06-18 09:10:16.241  INFO 27996 --- [main] c.a.n.p.a.s.c.ClientAuthPluginManager    : [] [ClientAuthPluginManager] Load ClientAuthService com.alibaba.nacos.client.auth.ram.RamClientAuthServiceImpl success.
2026-06-18 09:10:16.879  INFO 27996 --- [main] c.a.n.c.a.AbstractAbilityControlManager  : [] Ready to get current node abilities...
2026-06-18 09:10:16.881  INFO 27996 --- [main] c.a.n.c.a.AbstractAbilityControlManager  : [] Ready to initialize current node abilities, support modes: [SDK_CLIENT]
2026-06-18 09:10:16.881  INFO 27996 --- [main] c.a.n.c.a.AbstractAbilityControlManager  : [] Initialize current abilities finish...
2026-06-18 09:10:16.883  INFO 27996 --- [main] c.a.n.c.a.d.NacosAbilityManagerHolder    : [] [AbilityControlManager] Successfully initialize AbilityControlManager
2026-06-18 09:10:16.906  INFO 27996 --- [main] c.a.c.n.registry.NacosServiceRegistry    : [] nacos registry, DEFAULT_GROUP student-service 192.168.44.1:8000 register finished
2026-06-18 09:10:18.061  INFO 27996 --- [main] o.s.cloud.commons.util.InetUtils         : [] Cannot determine local hostname
2026-06-18 09:10:18.071  INFO 27996 --- [main] c.c.UserServiceApplication               : [] Started UserServiceApplication in 12.688 seconds (process running for 13.375)
2026-06-18 09:13:31.731  INFO 27996 --- [http-nio-8000-exec-1] o.a.c.c.C.[Tomcat].[localhost].[/]       : [] Initializing Spring DispatcherServlet 'dispatcherServlet'
2026-06-18 09:13:31.733  INFO 27996 --- [http-nio-8000-exec-1] o.s.web.servlet.DispatcherServlet        : [] Initializing Servlet 'dispatcherServlet'
2026-06-18 09:13:31.734  INFO 27996 --- [http-nio-8000-exec-1] o.s.web.servlet.DispatcherServlet        : [] Completed initialization in 1 ms
2026-06-18 09:13:31.851  INFO 27996 --- [http-nio-8000-exec-1] c.campusassistant.aspect.WebLogAspect    : [] ================== Request Start ==================
2026-06-18 09:13:31.852  INFO 27996 --- [http-nio-8000-exec-1] c.campusassistant.aspect.WebLogAspect    : [] URL            : http://192.168.44.1:8000/auth/login
2026-06-18 09:13:31.852  INFO 27996 --- [http-nio-8000-exec-1] c.campusassistant.aspect.WebLogAspect    : [] HTTP Method    : POST
2026-06-18 09:13:31.853  INFO 27996 --- [http-nio-8000-exec-1] c.campusassistant.aspect.WebLogAspect    : [] Class Method   : com.campusassistant.student.controller.AuthController.login
2026-06-18 09:13:31.854  INFO 27996 --- [http-nio-8000-exec-1] c.campusassistant.aspect.WebLogAspect    : [] IP             : 192.168.44.1
2026-06-18 09:13:31.856  INFO 27996 --- [http-nio-8000-exec-1] c.campusassistant.aspect.WebLogAspect    : [] Request Args   : [{"studentId":"222025321262104"}]
2026-06-18 09:13:31.976  INFO 27996 --- [http-nio-8000-exec-1] com.zaxxer.hikari.HikariDataSource       : [] HikariPool-1 - Starting...
2026-06-18 09:13:32.255  INFO 27996 --- [http-nio-8000-exec-1] com.zaxxer.hikari.pool.HikariPool        : [] HikariPool-1 - Added connection com.mysql.cj.jdbc.ConnectionImpl@e0032d2
2026-06-18 09:13:32.257  INFO 27996 --- [http-nio-8000-exec-1] com.zaxxer.hikari.HikariDataSource       : [] HikariPool-1 - Start completed.
2026-06-18 09:13:32.358  INFO 27996 --- [http-nio-8000-exec-1] c.c.s.service.impl.AuthServiceImpl       : [] Ń§şĹ 222025321262104 ĂÜÂëĽÓĂÜÍęłÉ
2026-06-18 09:13:32.742  INFO 27996 --- [http-nio-8000-exec-1] c.campusassistant.aspect.WebLogAspect    : [] Response Result: {"code":200,"message":"ÇëÇółÉą¦","data":"eyJhbGciOiJIUzI1NiIsInR5cCI6IkpXVCJ9.eyJzdHVkZW50X2xvZ2luIjp7InN0dWRlbnRJRCI6IjIyMjAyNTMyMTI2MjEwNCIsInVzZXItcm9sZSI6IuaaguaXtuacquW8gOWPkSIsInVzZXJpZCI6MX0sImV4cCI6MTc4MTc4ODQxMn0.406gTWcp2umn-ICQs469JjOugCpUbcPvJsyEQgajxpA","timestamp":"2026-06-18 09:13:32"}
2026-06-18 09:13:32.742  INFO 27996 --- [http-nio-8000-exec-1] c.campusassistant.aspect.WebLogAspect    : [] Time Consuming : 891 ms
2026-06-18 09:13:32.742  INFO 27996 --- [http-nio-8000-exec-1] c.campusassistant.aspect.WebLogAspect    : [] ================== Request End ====================
2026-06-18 09:13:48.800  INFO 27996 --- [http-nio-8000-exec-5] c.campusassistant.aspect.WebLogAspect    : [f4c6e62636244269bb3753f6deb1bea2] ================== Request Start ==================
2026-06-18 09:13:48.800  INFO 27996 --- [http-nio-8000-exec-5] c.campusassistant.aspect.WebLogAspect    : [f4c6e62636244269bb3753f6deb1bea2] URL            : http://192.168.44.1:8000/user/schedule/get
2026-06-18 09:13:48.800  INFO 27996 --- [http-nio-8000-exec-5] c.campusassistant.aspect.WebLogAspect    : [f4c6e62636244269bb3753f6deb1bea2] HTTP Method    : GET
2026-06-18 09:13:48.800  INFO 27996 --- [http-nio-8000-exec-5] c.campusassistant.aspect.WebLogAspect    : [f4c6e62636244269bb3753f6deb1bea2] Class Method   : com.campusassistant.remote.course.controller.CourseRemoteController.getScheduleWithCache
2026-06-18 09:13:48.802  INFO 27996 --- [http-nio-8000-exec-5] c.campusassistant.aspect.WebLogAspect    : [f4c6e62636244269bb3753f6deb1bea2] IP             : 192.168.44.1
2026-06-18 09:13:48.802  INFO 27996 --- [http-nio-8000-exec-5] c.campusassistant.aspect.WebLogAspect    : [f4c6e62636244269bb3753f6deb1bea2] Request Args   : []
2026-06-18 09:13:49.540  INFO 27996 --- [http-nio-8000-exec-5] c.campusassistant.aspect.WebLogAspect    : [f4c6e62636244269bb3753f6deb1bea2] Response Result: {"code":200,"message":"ÇëÇółÉą¦","data":null,"timestamp":"2026-06-18 09:13:49"}
2026-06-18 09:13:49.541  INFO 27996 --- [http-nio-8000-exec-5] c.campusassistant.aspect.WebLogAspect    : [f4c6e62636244269bb3753f6deb1bea2] Time Consuming : 741 ms
2026-06-18 09:13:49.541  INFO 27996 --- [http-nio-8000-exec-5] c.campusassistant.aspect.WebLogAspect    : [f4c6e62636244269bb3753f6deb1bea2] ================== Request End ====================
2026-06-18 09:20:25.254  INFO 59644 --- [main] c.a.nacos.client.logging.NacosLogging    : [] Nacos Logging Adapter Builder: com.alibaba.nacos.logger.adapter.logback12.LogbackNacosLoggingAdapterBuilder
2026-06-18 09:20:25.272  INFO 59644 --- [main] c.a.nacos.client.logging.NacosLogging    : [] Nacos Logging Adapter Builder: com.alibaba.nacos.logger.adapter.logback14.LogbackNacosLoggingAdapterBuilder
2026-06-18 09:20:25.275  INFO 59644 --- [main] c.a.nacos.client.logging.NacosLogging    : [] Nacos Logging Adapter: com.alibaba.nacos.logger.adapter.logback14.LogbackNacosLoggingAdapter match ch.qos.logback.classic.Logger success.
2026-06-18 09:20:25.290  INFO 59644 --- [main] c.a.nacos.client.logging.NacosLogging    : [] Nacos Logging Adapter Builder: com.alibaba.nacos.logger.adapter.log4j2.Log4j2NacosLoggingAdapterBuilder
2026-06-18 09:20:25.820  INFO 59644 --- [main] c.c.UserServiceApplication               : [] Starting UserServiceApplication using Java 17.0.19 with PID 59644 (C:\Users\ÂŢÓîĐů\Desktop\campus(1)\campus-assistant\user-service\target\user-service-1.0-SNAPSHOT.jar started by ÂŢÓîĐů in C:\Users\ÂŢÓîĐů\Desktop\campus(1)\campus-assistant)
2026-06-18 09:20:25.821  INFO 59644 --- [main] c.c.UserServiceApplication               : [] The following 8 profiles are active: "datasource", "mybatis", "jwt", "weblog", "nacos", "openfeign", "sentinel", "aes"
2026-06-18 09:20:26.610  INFO 59644 --- [main] .s.d.r.c.RepositoryConfigurationDelegate : [] Multiple Spring Data modules found, entering strict repository configuration mode
2026-06-18 09:20:26.613  INFO 59644 --- [main] .s.d.r.c.RepositoryConfigurationDelegate : [] Bootstrapping Spring Data Redis repositories in DEFAULT mode.
2026-06-18 09:20:26.640  INFO 59644 --- [main] .s.d.r.c.RepositoryConfigurationDelegate : [] Finished Spring Data repository scanning in 16 ms. Found 0 Redis repository interfaces.
2026-06-18 09:20:26.860  INFO 59644 --- [main] o.s.cloud.context.scope.GenericScope     : [] BeanFactory id=47e6dfd3-797e-3ef4-b55b-c52d9f0fa235
2026-06-18 09:20:26.931  WARN 59644 --- [main] trationDelegate$BeanPostProcessorChecker : [] Bean 'com.alibaba.cloud.nacos.NacosConfigAutoConfiguration' of type [com.alibaba.cloud.nacos.NacosConfigAutoConfiguration] is not eligible for getting processed by all BeanPostProcessors (for example: not eligible for auto-proxying). The currently created BeanPostProcessor [nacosAnnotationProcessor] is declared through a non-static factory method on that class; consider declaring it as static instead.
2026-06-18 09:20:27.511  WARN 59644 --- [main] trationDelegate$BeanPostProcessorChecker : [] Bean 'org.springframework.cloud.client.loadbalancer.LoadBalancerAutoConfiguration$DeferringLoadBalancerInterceptorConfig' of type [org.springframework.cloud.client.loadbalancer.LoadBalancerAutoConfiguration$DeferringLoadBalancerInterceptorConfig] is not eligible for getting processed by all BeanPostProcessors (for example: not eligible for auto-proxying). The currently created BeanPostProcessor [lbRestClientPostProcessor] is declared through a non-static factory method on that class; consider declaring it as static instead.
2026-06-18 09:20:27.513  WARN 59644 --- [main] trationDelegate$BeanPostProcessorChecker : [] Bean 'deferringLoadBalancerInterceptor' of type [org.springframework.cloud.client.loadbalancer.DeferringLoadBalancerInterceptor] is not eligible for getting processed by all BeanPostProcessors (for example: not eligible for auto-proxying). Is this bean getting eagerly injected into a currently created BeanPostProcessor [lbRestClientPostProcessor]? Check the corresponding BeanPostProcessor declaration and its dependencies.
2026-06-18 09:20:28.185  INFO 59644 --- [main] o.s.b.w.embedded.tomcat.TomcatWebServer  : [] Tomcat initialized with port 8000 (http)
2026-06-18 09:20:28.219  INFO 59644 --- [main] o.apache.catalina.core.StandardService   : [] Starting service [Tomcat]
2026-06-18 09:20:28.219  INFO 59644 --- [main] o.apache.catalina.core.StandardEngine    : [] Starting Servlet engine: [Apache Tomcat/10.1.20]
2026-06-18 09:20:28.365  INFO 59644 --- [main] o.a.c.c.C.[Tomcat].[localhost].[/]       : [] Initializing Spring embedded WebApplicationContext
2026-06-18 09:20:28.366  INFO 59644 --- [main] w.s.c.ServletWebServerApplicationContext : [] Root WebApplicationContext: initialization completed in 2475 ms
2026-06-18 09:20:31.181  INFO 59644 --- [main] c.a.c.sentinel.SentinelWebMvcConfigurer  : [] [Sentinel Starter] register SentinelWebInterceptor with urlPatterns: [/**].
2026-06-18 09:20:31.850  INFO 59644 --- [main] c.a.n.p.a.s.c.ClientAuthPluginManager    : [] [ClientAuthPluginManager] Load ClientAuthService com.alibaba.nacos.client.auth.impl.NacosClientAuthServiceImpl success.
2026-06-18 09:20:31.851  INFO 59644 --- [main] c.a.n.p.a.s.c.ClientAuthPluginManager    : [] [ClientAuthPluginManager] Load ClientAuthService com.alibaba.nacos.client.auth.ram.RamClientAuthServiceImpl success.
2026-06-18 09:20:33.038  INFO 59644 --- [main] o.s.cloud.commons.util.InetUtils         : [] Cannot determine local hostname
2026-06-18 09:20:34.611  INFO 59644 --- [main] o.s.cloud.commons.util.InetUtils         : [] Cannot determine local hostname
2026-06-18 09:20:34.645  WARN 59644 --- [main] iguration$LoadBalancerCaffeineWarnLogger : [] Spring Cloud LoadBalancer is currently working with the default cache. While this cache implementation is useful for development and tests, it's recommended to use Caffeine cache in production.You can switch to using Caffeine cache, by adding it and org.springframework.cache.caffeine.CaffeineCacheManager to the classpath.
2026-06-18 09:20:34.922  INFO 59644 --- [main] o.s.b.w.embedded.tomcat.TomcatWebServer  : [] Tomcat started on port 8000 (http) with context path ''
2026-06-18 09:20:34.937  INFO 59644 --- [main] c.a.n.p.a.s.c.ClientAuthPluginManager    : [] [ClientAuthPluginManager] Load ClientAuthService com.alibaba.nacos.client.auth.impl.NacosClientAuthServiceImpl success.
2026-06-18 09:20:34.937  INFO 59644 --- [main] c.a.n.p.a.s.c.ClientAuthPluginManager    : [] [ClientAuthPluginManager] Load ClientAuthService com.alibaba.nacos.client.auth.ram.RamClientAuthServiceImpl success.
2026-06-18 09:20:36.342  INFO 59644 --- [main] c.a.n.c.a.AbstractAbilityControlManager  : [] Ready to get current node abilities...
2026-06-18 09:20:36.343  INFO 59644 --- [main] c.a.n.c.a.AbstractAbilityControlManager  : [] Ready to initialize current node abilities, support modes: [SDK_CLIENT]
2026-06-18 09:20:36.343  INFO 59644 --- [main] c.a.n.c.a.AbstractAbilityControlManager  : [] Initialize current abilities finish...
2026-06-18 09:20:36.345  INFO 59644 --- [main] c.a.n.c.a.d.NacosAbilityManagerHolder    : [] [AbilityControlManager] Successfully initialize AbilityControlManager
2026-06-18 09:20:36.368  INFO 59644 --- [main] c.a.c.n.registry.NacosServiceRegistry    : [] nacos registry, DEFAULT_GROUP student-service 192.168.44.1:8000 register finished
2026-06-18 09:20:37.559  INFO 59644 --- [main] o.s.cloud.commons.util.InetUtils         : [] Cannot determine local hostname
2026-06-18 09:20:37.569  INFO 59644 --- [main] c.c.UserServiceApplication               : [] Started UserServiceApplication in 14.029 seconds (process running for 14.651)
